Detecting C compiler ABI info failed to compile with the following output:
Change Dir: /Users/sahuankit010/Desktop/Repo/Revising-Object-Oriented-Concepts-using-CPP/cmake-build-debug/CMakeFiles/CMakeScratch/TryCompile-CwFX1L

Run Build Command(s):usr/bin/make -f Makefile cmTC_3bf82/fast && No such file or directory
Generator: execution of make failed. Make command was: usr/bin/make -f Makefile cmTC_3bf82/fast && 



Determining if the C compiler works failed with the following output:
Change Dir: /Users/sahuankit010/Desktop/Repo/Revising-Object-Oriented-Concepts-using-CPP/cmake-build-debug/CMakeFiles/CMakeScratch/TryCompile-vKRpBT

Run Build Command(s):usr/bin/make -f Makefile cmTC_637cd/fast && No such file or directory
Generator: execution of make failed. Make command was: usr/bin/make -f Makefile cmTC_637cd/fast && 


Detecting C compiler ABI info failed to compile with the following output:
Change Dir: /Users/sahuankit010/Desktop/Repo/Revising-Object-Oriented-Concepts-using-CPP/cmake-build-debug/CMakeFiles/CMakeScratch/TryCompile-7fNqzd

Run Build Command(s):usr/bin/make -f Makefile cmTC_affa7/fast && No such file or directory
Generator: execution of make failed. Make command was: usr/bin/make -f Makefile cmTC_affa7/fast && 



Determining if the C compiler works failed with the following output:
Change Dir: /Users/sahuankit010/Desktop/Repo/Revising-Object-Oriented-Concepts-using-CPP/cmake-build-debug/CMakeFiles/CMakeScratch/TryCompile-4STFv4

Run Build Command(s):usr/bin/make -f Makefile cmTC_4cd40/fast && No such file or directory
Generator: execution of make failed. Make command was: usr/bin/make -f Makefile cmTC_4cd40/fast && 


Detecting C compiler ABI info failed to compile with the following output:
Change Dir: /Users/sahuankit010/Desktop/Repo/Revising-Object-Oriented-Concepts-using-CPP/cmake-build-debug/CMakeFiles/CMakeScratch/TryCompile-UYpNCe

Run Build Command(s):usr/bin/make -f Makefile cmTC_63a42/fast && No such file or directory
Generator: execution of make failed. Make command was: usr/bin/make -f Makefile cmTC_63a42/fast && 



Determining if the C compiler works failed with the following output:
Change Dir: /Users/sahuankit010/Desktop/Repo/Revising-Object-Oriented-Concepts-using-CPP/cmake-build-debug/CMakeFiles/CMakeScratch/TryCompile-8SDiow

Run Build Command(s):usr/bin/make -f Makefile cmTC_5ecc1/fast && No such file or directory
Generator: execution of make failed. Make command was: usr/bin/make -f Makefile cmTC_5ecc1/fast && 


Detecting C compiler ABI info failed to compile with the following output:
Change Dir: /Users/sahuankit010/Desktop/Repo/Revising-Object-Oriented-Concepts-using-CPP/cmake-build-debug/CMakeFiles/CMakeScratch/TryCompile-LTHHSA

Run Build Command(s):usr/bin/make -f Makefile cmTC_58192/fast && No such file or directory
Generator: execution of make failed. Make command was: usr/bin/make -f Makefile cmTC_58192/fast && 



Determining if the C compiler works failed with the following output:
Change Dir: /Users/sahuankit010/Desktop/Repo/Revising-Object-Oriented-Concepts-using-CPP/cmake-build-debug/CMakeFiles/CMakeScratch/TryCompile-ebHYnF

Run Build Command(s):usr/bin/make -f Makefile cmTC_23750/fast && No such file or directory
Generator: execution of make failed. Make command was: usr/bin/make -f Makefile cmTC_23750/fast && 


Detecting C compiler ABI info failed to compile with the following output:
Change Dir: /Users/sahuankit010/Desktop/Repo/Revising-Object-Oriented-Concepts-using-CPP/cmake-build-debug/CMakeFiles/CMakeScratch/TryCompile-50iyXj

Run Build Command(s):usr/bin/make -f Makefile cmTC_e626e/fast && No such file or directory
Generator: execution of make failed. Make command was: usr/bin/make -f Makefile cmTC_e626e/fast && 



Determining if the C compiler works failed with the following output:
Change Dir: /Users/sahuankit010/Desktop/Repo/Revising-Object-Oriented-Concepts-using-CPP/cmake-build-debug/CMakeFiles/CMakeScratch/TryCompile-oRlIVa

Run Build Command(s):usr/bin/make -f Makefile cmTC_a586e/fast && No such file or directory
Generator: execution of make failed. Make command was: usr/bin/make -f Makefile cmTC_a586e/fast && 


Detecting C compiler ABI info failed to compile with the following output:
Change Dir: /Users/sahuankit010/Desktop/Repo/Revising-Object-Oriented-Concepts-using-CPP/cmake-build-debug/CMakeFiles/CMakeScratch/TryCompile-uhuS3t

Run Build Command(s):usr/bin/make -f Makefile cmTC_7a683/fast && No such file or directory
Generator: execution of make failed. Make command was: usr/bin/make -f Makefile cmTC_7a683/fast && 



Determining if the C compiler works failed with the following output:
Change Dir: /Users/sahuankit010/Desktop/Repo/Revising-Object-Oriented-Concepts-using-CPP/cmake-build-debug/CMakeFiles/CMakeScratch/TryCompile-dH5d8Y

Run Build Command(s):usr/bin/make -f Makefile cmTC_f3524/fast && No such file or directory
Generator: execution of make failed. Make command was: usr/bin/make -f Makefile cmTC_f3524/fast && 


Detecting C compiler ABI info failed to compile with the following output:
Change Dir: /Users/sahuankit010/Desktop/Repo/Revising-Object-Oriented-Concepts-using-CPP/cmake-build-debug/CMakeFiles/CMakeScratch/TryCompile-SumKK7

Run Build Command(s):usr/bin/make -f Makefile cmTC_f6c60/fast && No such file or directory
Generator: execution of make failed. Make command was: usr/bin/make -f Makefile cmTC_f6c60/fast && 



Determining if the C compiler works failed with the following output:
Change Dir: /Users/sahuankit010/Desktop/Repo/Revising-Object-Oriented-Concepts-using-CPP/cmake-build-debug/CMakeFiles/CMakeScratch/TryCompile-dFS11r

Run Build Command(s):usr/bin/make -f Makefile cmTC_40890/fast && No such file or directory
Generator: execution of make failed. Make command was: usr/bin/make -f Makefile cmTC_40890/fast && 


Detecting C compiler ABI info failed to compile with the following output:
Change Dir: /Users/sahuankit010/Desktop/Repo/Revising-Object-Oriented-Concepts-using-CPP/cmake-build-debug/CMakeFiles/CMakeScratch/TryCompile-7V4oKK

Run Build Command(s):usr/bin/make -f Makefile cmTC_c46a3/fast && No such file or directory
Generator: execution of make failed. Make command was: usr/bin/make -f Makefile cmTC_c46a3/fast && 



Determining if the C compiler works failed with the following output:
Change Dir: /Users/sahuankit010/Desktop/Repo/Revising-Object-Oriented-Concepts-using-CPP/cmake-build-debug/CMakeFiles/CMakeScratch/TryCompile-EYghIu

Run Build Command(s):usr/bin/make -f Makefile cmTC_c52fc/fast && No such file or directory
Generator: execution of make failed. Make command was: usr/bin/make -f Makefile cmTC_c52fc/fast && 


Detecting C compiler ABI info failed to compile with the following output:
Change Dir: /Users/sahuankit010/Desktop/Repo/Revising-Object-Oriented-Concepts-using-CPP/cmake-build-debug/CMakeFiles/CMakeScratch/TryCompile-koWKIS

Run Build Command(s):usr/bin/make -f Makefile cmTC_d42fb/fast && No such file or directory
Generator: execution of make failed. Make command was: usr/bin/make -f Makefile cmTC_d42fb/fast && 



Determining if the C compiler works failed with the following output:
Change Dir: /Users/sahuankit010/Desktop/Repo/Revising-Object-Oriented-Concepts-using-CPP/cmake-build-debug/CMakeFiles/CMakeScratch/TryCompile-t2O2H6

Run Build Command(s):usr/bin/make -f Makefile cmTC_24311/fast && No such file or directory
Generator: execution of make failed. Make command was: usr/bin/make -f Makefile cmTC_24311/fast && 


Detecting C compiler ABI info failed to compile with the following output:
Change Dir: /Users/sahuankit010/Desktop/Repo/Revising-Object-Oriented-Concepts-using-CPP/cmake-build-debug/CMakeFiles/CMakeScratch/TryCompile-H0re3a

Run Build Command(s):usr/bin/make -f Makefile cmTC_81400/fast && No such file or directory
Generator: execution of make failed. Make command was: usr/bin/make -f Makefile cmTC_81400/fast && 



Determining if the C compiler works failed with the following output:
Change Dir: /Users/sahuankit010/Desktop/Repo/Revising-Object-Oriented-Concepts-using-CPP/cmake-build-debug/CMakeFiles/CMakeScratch/TryCompile-w6cOqV

Run Build Command(s):usr/bin/make -f Makefile cmTC_1a8ad/fast && No such file or directory
Generator: execution of make failed. Make command was: usr/bin/make -f Makefile cmTC_1a8ad/fast && 


Detecting C compiler ABI info failed to compile with the following output:
Change Dir: /Users/sahuankit010/Desktop/Repo/Revising-Object-Oriented-Concepts-using-CPP/cmake-build-debug/CMakeFiles/CMakeScratch/TryCompile-LrAbj1

Run Build Command(s):usr/bin/make -f Makefile cmTC_3f036/fast && No such file or directory
Generator: execution of make failed. Make command was: usr/bin/make -f Makefile cmTC_3f036/fast && 



Determining if the C compiler works failed with the following output:
Change Dir: /Users/sahuankit010/Desktop/Repo/Revising-Object-Oriented-Concepts-using-CPP/cmake-build-debug/CMakeFiles/CMakeScratch/TryCompile-IjUaho

Run Build Command(s):usr/bin/make -f Makefile cmTC_0c372/fast && No such file or directory
Generator: execution of make failed. Make command was: usr/bin/make -f Makefile cmTC_0c372/fast && 


Detecting C compiler ABI info failed to compile with the following output:
Change Dir: /Users/sahuankit010/Desktop/Repo/Revising-Object-Oriented-Concepts-using-CPP/cmake-build-debug/CMakeFiles/CMakeScratch/TryCompile-upMOaC

Run Build Command(s):usr/bin/make -f Makefile cmTC_d5a16/fast && No such file or directory
Generator: execution of make failed. Make command was: usr/bin/make -f Makefile cmTC_d5a16/fast && 



Determining if the C compiler works failed with the following output:
Change Dir: /Users/sahuankit010/Desktop/Repo/Revising-Object-Oriented-Concepts-using-CPP/cmake-build-debug/CMakeFiles/CMakeScratch/TryCompile-cadSx5

Run Build Command(s):usr/bin/make -f Makefile cmTC_e579e/fast && No such file or directory
Generator: execution of make failed. Make command was: usr/bin/make -f Makefile cmTC_e579e/fast && 


Detecting C compiler ABI info failed to compile with the following output:
Change Dir: /Users/sahuankit010/Desktop/Repo/Revising-Object-Oriented-Concepts-using-CPP/cmake-build-debug/CMakeFiles/CMakeScratch/TryCompile-8aCdUY

Run Build Command(s):usr/bin/make -f Makefile cmTC_c3f5e/fast && No such file or directory
Generator: execution of make failed. Make command was: usr/bin/make -f Makefile cmTC_c3f5e/fast && 



Determining if the C compiler works failed with the following output:
Change Dir: /Users/sahuankit010/Desktop/Repo/Revising-Object-Oriented-Concepts-using-CPP/cmake-build-debug/CMakeFiles/CMakeScratch/TryCompile-PFBxdr

Run Build Command(s):usr/bin/make -f Makefile cmTC_31016/fast && No such file or directory
Generator: execution of make failed. Make command was: usr/bin/make -f Makefile cmTC_31016/fast && 


Detecting C compiler ABI info failed to compile with the following output:
Change Dir: /Users/sahuankit010/Desktop/Repo/Revising-Object-Oriented-Concepts-using-CPP/cmake-build-debug/CMakeFiles/CMakeScratch/TryCompile-TrAAcp

Run Build Command(s):usr/bin/make -f Makefile cmTC_219fd/fast && No such file or directory
Generator: execution of make failed. Make command was: usr/bin/make -f Makefile cmTC_219fd/fast && 



Determining if the C compiler works failed with the following output:
Change Dir: /Users/sahuankit010/Desktop/Repo/Revising-Object-Oriented-Concepts-using-CPP/cmake-build-debug/CMakeFiles/CMakeScratch/TryCompile-hf42iU

Run Build Command(s):usr/bin/make -f Makefile cmTC_6a92f/fast && No such file or directory
Generator: execution of make failed. Make command was: usr/bin/make -f Makefile cmTC_6a92f/fast && 


Detecting C compiler ABI info failed to compile with the following output:
Change Dir: /Users/sahuankit010/Desktop/Repo/Revising-Object-Oriented-Concepts-using-CPP/cmake-build-debug/CMakeFiles/CMakeScratch/TryCompile-u6fKW2

Run Build Command(s):usr/bin/make -f Makefile cmTC_bb8a0/fast && No such file or directory
Generator: execution of make failed. Make command was: usr/bin/make -f Makefile cmTC_bb8a0/fast && 



Determining if the C compiler works failed with the following output:
Change Dir: /Users/sahuankit010/Desktop/Repo/Revising-Object-Oriented-Concepts-using-CPP/cmake-build-debug/CMakeFiles/CMakeScratch/TryCompile-nyG0iE

Run Build Command(s):usr/bin/make -f Makefile cmTC_a179f/fast && No such file or directory
Generator: execution of make failed. Make command was: usr/bin/make -f Makefile cmTC_a179f/fast && 


Detecting C compiler ABI info failed to compile with the following output:
Change Dir: /Users/sahuankit010/Desktop/Repo/Revising-Object-Oriented-Concepts-using-CPP/cmake-build-debug/CMakeFiles/CMakeScratch/TryCompile-bEYu0g

Run Build Command(s):usr/bin/make -f Makefile cmTC_e3f74/fast && No such file or directory
Generator: execution of make failed. Make command was: usr/bin/make -f Makefile cmTC_e3f74/fast && 



Determining if the C compiler works failed with the following output:
Change Dir: /Users/sahuankit010/Desktop/Repo/Revising-Object-Oriented-Concepts-using-CPP/cmake-build-debug/CMakeFiles/CMakeScratch/TryCompile-mitwFv

Run Build Command(s):usr/bin/make -f Makefile cmTC_f80ce/fast && No such file or directory
Generator: execution of make failed. Make command was: usr/bin/make -f Makefile cmTC_f80ce/fast && 


Detecting C compiler ABI info failed to compile with the following output:
Change Dir: /Users/sahuankit010/Desktop/Repo/Revising-Object-Oriented-Concepts-using-CPP/cmake-build-debug/CMakeFiles/CMakeScratch/TryCompile-Ep5cBQ

Run Build Command(s):usr/bin/make -f Makefile cmTC_2536a/fast && No such file or directory
Generator: execution of make failed. Make command was: usr/bin/make -f Makefile cmTC_2536a/fast && 



Determining if the C compiler works failed with the following output:
Change Dir: /Users/sahuankit010/Desktop/Repo/Revising-Object-Oriented-Concepts-using-CPP/cmake-build-debug/CMakeFiles/CMakeScratch/TryCompile-tveM3k

Run Build Command(s):usr/bin/make -f Makefile cmTC_87a61/fast && No such file or directory
Generator: execution of make failed. Make command was: usr/bin/make -f Makefile cmTC_87a61/fast && 


Detecting C compiler ABI info failed to compile with the following output:
Change Dir: /Users/sahuankit010/Desktop/Repo/Revising-Object-Oriented-Concepts-using-CPP/cmake-build-debug/CMakeFiles/CMakeScratch/TryCompile-vxXKWQ

Run Build Command(s):usr/bin/make -f Makefile cmTC_81c78/fast && No such file or directory
Generator: execution of make failed. Make command was: usr/bin/make -f Makefile cmTC_81c78/fast && 



Determining if the C compiler works failed with the following output:
Change Dir: /Users/sahuankit010/Desktop/Repo/Revising-Object-Oriented-Concepts-using-CPP/cmake-build-debug/CMakeFiles/CMakeScratch/TryCompile-vNmw79

Run Build Command(s):usr/bin/make -f Makefile cmTC_72490/fast && No such file or directory
Generator: execution of make failed. Make command was: usr/bin/make -f Makefile cmTC_72490/fast && 


Detecting C compiler ABI info failed to compile with the following output:
Change Dir: /Users/sahuankit010/Desktop/Repo/Revising-Object-Oriented-Concepts-using-CPP/cmake-build-debug/CMakeFiles/CMakeScratch/TryCompile-b9Ruxw

Run Build Command(s):usr/bin/make -f Makefile cmTC_a5142/fast && No such file or directory
Generator: execution of make failed. Make command was: usr/bin/make -f Makefile cmTC_a5142/fast && 



Determining if the C compiler works failed with the following output:
Change Dir: /Users/sahuankit010/Desktop/Repo/Revising-Object-Oriented-Concepts-using-CPP/cmake-build-debug/CMakeFiles/CMakeScratch/TryCompile-OnBzCQ

Run Build Command(s):usr/bin/make -f Makefile cmTC_fa271/fast && No such file or directory
Generator: execution of make failed. Make command was: usr/bin/make -f Makefile cmTC_fa271/fast && 


Detecting C compiler ABI info failed to compile with the following output:
Change Dir: /Users/sahuankit010/Desktop/Repo/Revising-Object-Oriented-Concepts-using-CPP/cmake-build-debug/CMakeFiles/CMakeScratch/TryCompile-f971bF

Run Build Command(s):usr/bin/make -f Makefile cmTC_acbf3/fast && No such file or directory
Generator: execution of make failed. Make command was: usr/bin/make -f Makefile cmTC_acbf3/fast && 



Determining if the C compiler works failed with the following output:
Change Dir: /Users/sahuankit010/Desktop/Repo/Revising-Object-Oriented-Concepts-using-CPP/cmake-build-debug/CMakeFiles/CMakeScratch/TryCompile-qAmJZF

Run Build Command(s):usr/bin/make -f Makefile cmTC_30fe7/fast && No such file or directory
Generator: execution of make failed. Make command was: usr/bin/make -f Makefile cmTC_30fe7/fast && 


Detecting C compiler ABI info failed to compile with the following output:
Change Dir: /Users/sahuankit010/Desktop/Repo/Revising-Object-Oriented-Concepts-using-CPP/cmake-build-debug/CMakeFiles/CMakeScratch/TryCompile-jwxcsb

Run Build Command(s):usr/bin/make -f Makefile cmTC_5907c/fast && No such file or directory
Generator: execution of make failed. Make command was: usr/bin/make -f Makefile cmTC_5907c/fast && 



Determining if the C compiler works failed with the following output:
Change Dir: /Users/sahuankit010/Desktop/Repo/Revising-Object-Oriented-Concepts-using-CPP/cmake-build-debug/CMakeFiles/CMakeScratch/TryCompile-5ZdAKO

Run Build Command(s):usr/bin/make -f Makefile cmTC_5e5b4/fast && No such file or directory
Generator: execution of make failed. Make command was: usr/bin/make -f Makefile cmTC_5e5b4/fast && 


Detecting C compiler ABI info failed to compile with the following output:
Change Dir: /Users/sahuankit010/Desktop/Repo/Revising-Object-Oriented-Concepts-using-CPP/cmake-build-debug/CMakeFiles/CMakeScratch/TryCompile-mEnnHZ

Run Build Command(s):usr/bin/make -f Makefile cmTC_47091/fast && No such file or directory
Generator: execution of make failed. Make command was: usr/bin/make -f Makefile cmTC_47091/fast && 



Determining if the C compiler works failed with the following output:
Change Dir: /Users/sahuankit010/Desktop/Repo/Revising-Object-Oriented-Concepts-using-CPP/cmake-build-debug/CMakeFiles/CMakeScratch/TryCompile-Wp4prp

Run Build Command(s):usr/bin/make -f Makefile cmTC_b2bdd/fast && No such file or directory
Generator: execution of make failed. Make command was: usr/bin/make -f Makefile cmTC_b2bdd/fast && 


Detecting C compiler ABI info failed to compile with the following output:
Change Dir: /Users/sahuankit010/Desktop/Repo/Revising-Object-Oriented-Concepts-using-CPP/cmake-build-debug/CMakeFiles/CMakeScratch/TryCompile-0Ao16X

Run Build Command(s):usr/bin/make -f Makefile cmTC_1717f/fast && No such file or directory
Generator: execution of make failed. Make command was: usr/bin/make -f Makefile cmTC_1717f/fast && 



Determining if the C compiler works failed with the following output:
Change Dir: /Users/sahuankit010/Desktop/Repo/Revising-Object-Oriented-Concepts-using-CPP/cmake-build-debug/CMakeFiles/CMakeScratch/TryCompile-O9zKFE

Run Build Command(s):usr/bin/make -f Makefile cmTC_86aaa/fast && No such file or directory
Generator: execution of make failed. Make command was: usr/bin/make -f Makefile cmTC_86aaa/fast && 


Detecting C compiler ABI info failed to compile with the following output:
Change Dir: /Users/sahuankit010/Desktop/Repo/Revising-Object-Oriented-Concepts-using-CPP/cmake-build-debug/CMakeFiles/CMakeScratch/TryCompile-gRvvFm

Run Build Command(s):usr/bin/make -f Makefile cmTC_8b888/fast && No such file or directory
Generator: execution of make failed. Make command was: usr/bin/make -f Makefile cmTC_8b888/fast && 



Determining if the C compiler works failed with the following output:
Change Dir: /Users/sahuankit010/Desktop/Repo/Revising-Object-Oriented-Concepts-using-CPP/cmake-build-debug/CMakeFiles/CMakeScratch/TryCompile-GFtXrV

Run Build Command(s):usr/bin/make -f Makefile cmTC_28f31/fast && No such file or directory
Generator: execution of make failed. Make command was: usr/bin/make -f Makefile cmTC_28f31/fast && 


Detecting C compiler ABI info failed to compile with the following output:
Change Dir: /Users/sahuankit010/Desktop/Repo/Revising-Object-Oriented-Concepts-using-CPP/cmake-build-debug/CMakeFiles/CMakeScratch/TryCompile-P7ErA2

Run Build Command(s):usr/bin/make -f Makefile cmTC_16c0d/fast && No such file or directory
Generator: execution of make failed. Make command was: usr/bin/make -f Makefile cmTC_16c0d/fast && 



Determining if the C compiler works failed with the following output:
Change Dir: /Users/sahuankit010/Desktop/Repo/Revising-Object-Oriented-Concepts-using-CPP/cmake-build-debug/CMakeFiles/CMakeScratch/TryCompile-2Rkdtu

Run Build Command(s):usr/bin/make -f Makefile cmTC_97ed7/fast && No such file or directory
Generator: execution of make failed. Make command was: usr/bin/make -f Makefile cmTC_97ed7/fast && 


Detecting C compiler ABI info failed to compile with the following output:
Change Dir: /Users/sahuankit010/Desktop/Repo/Revising-Object-Oriented-Concepts-using-CPP/cmake-build-debug/CMakeFiles/CMakeScratch/TryCompile-f4oxwB

Run Build Command(s):usr/bin/make -f Makefile cmTC_ca0e8/fast && No such file or directory
Generator: execution of make failed. Make command was: usr/bin/make -f Makefile cmTC_ca0e8/fast && 



Determining if the C compiler works failed with the following output:
Change Dir: /Users/sahuankit010/Desktop/Repo/Revising-Object-Oriented-Concepts-using-CPP/cmake-build-debug/CMakeFiles/CMakeScratch/TryCompile-O9ldNi

Run Build Command(s):usr/bin/make -f Makefile cmTC_2b643/fast && No such file or directory
Generator: execution of make failed. Make command was: usr/bin/make -f Makefile cmTC_2b643/fast && 


Detecting C compiler ABI info failed to compile with the following output:
Change Dir: /Users/sahuankit010/Desktop/Repo/Revising-Object-Oriented-Concepts-using-CPP/cmake-build-debug/CMakeFiles/CMakeScratch/TryCompile-qI3fpL

Run Build Command(s):usr/bin/make -f Makefile cmTC_2e20d/fast && No such file or directory
Generator: execution of make failed. Make command was: usr/bin/make -f Makefile cmTC_2e20d/fast && 



Determining if the C compiler works failed with the following output:
Change Dir: /Users/sahuankit010/Desktop/Repo/Revising-Object-Oriented-Concepts-using-CPP/cmake-build-debug/CMakeFiles/CMakeScratch/TryCompile-zmrmiM

Run Build Command(s):usr/bin/make -f Makefile cmTC_a7771/fast && No such file or directory
Generator: execution of make failed. Make command was: usr/bin/make -f Makefile cmTC_a7771/fast && 


Detecting C compiler ABI info failed to compile with the following output:
Change Dir: /Users/sahuankit010/Desktop/Repo/Revising-Object-Oriented-Concepts-using-CPP/cmake-build-debug/CMakeFiles/CMakeScratch/TryCompile-06OzyB

Run Build Command(s):usr/bin/make -f Makefile cmTC_04ece/fast && No such file or directory
Generator: execution of make failed. Make command was: usr/bin/make -f Makefile cmTC_04ece/fast && 



Determining if the C compiler works failed with the following output:
Change Dir: /Users/sahuankit010/Desktop/Repo/Revising-Object-Oriented-Concepts-using-CPP/cmake-build-debug/CMakeFiles/CMakeScratch/TryCompile-XvE4ge

Run Build Command(s):usr/bin/make -f Makefile cmTC_3cdbc/fast && No such file or directory
Generator: execution of make failed. Make command was: usr/bin/make -f Makefile cmTC_3cdbc/fast && 


Detecting C compiler ABI info failed to compile with the following output:
Change Dir: /Users/sahuankit010/Desktop/Repo/Revising-Object-Oriented-Concepts-using-CPP/cmake-build-debug/CMakeFiles/CMakeScratch/TryCompile-dhnGZa

Run Build Command(s):usr/bin/make -f Makefile cmTC_02026/fast && No such file or directory
Generator: execution of make failed. Make command was: usr/bin/make -f Makefile cmTC_02026/fast && 



Determining if the C compiler works failed with the following output:
Change Dir: /Users/sahuankit010/Desktop/Repo/Revising-Object-Oriented-Concepts-using-CPP/cmake-build-debug/CMakeFiles/CMakeScratch/TryCompile-hTuyce

Run Build Command(s):usr/bin/make -f Makefile cmTC_94457/fast && No such file or directory
Generator: execution of make failed. Make command was: usr/bin/make -f Makefile cmTC_94457/fast && 


Detecting C compiler ABI info failed to compile with the following output:
Change Dir: /Users/sahuankit010/Desktop/Repo/Revising-Object-Oriented-Concepts-using-CPP/cmake-build-debug/CMakeFiles/CMakeScratch/TryCompile-r4F8ak

Run Build Command(s):usr/bin/make -f Makefile cmTC_7cfa9/fast && No such file or directory
Generator: execution of make failed. Make command was: usr/bin/make -f Makefile cmTC_7cfa9/fast && 



Determining if the C compiler works failed with the following output:
Change Dir: /Users/sahuankit010/Desktop/Repo/Revising-Object-Oriented-Concepts-using-CPP/cmake-build-debug/CMakeFiles/CMakeScratch/TryCompile-wNS9yS

Run Build Command(s):usr/bin/make -f Makefile cmTC_c5c10/fast && No such file or directory
Generator: execution of make failed. Make command was: usr/bin/make -f Makefile cmTC_c5c10/fast && 


Detecting C compiler ABI info failed to compile with the following output:
Change Dir: /Users/sahuankit010/Desktop/Repo/Revising-Object-Oriented-Concepts-using-CPP/cmake-build-debug/CMakeFiles/CMakeScratch/TryCompile-zLK0mG

Run Build Command(s):usr/bin/make -f Makefile cmTC_38039/fast && No such file or directory
Generator: execution of make failed. Make command was: usr/bin/make -f Makefile cmTC_38039/fast && 



Determining if the C compiler works failed with the following output:
Change Dir: /Users/sahuankit010/Desktop/Repo/Revising-Object-Oriented-Concepts-using-CPP/cmake-build-debug/CMakeFiles/CMakeScratch/TryCompile-Ee7auN

Run Build Command(s):usr/bin/make -f Makefile cmTC_29498/fast && No such file or directory
Generator: execution of make failed. Make command was: usr/bin/make -f Makefile cmTC_29498/fast && 


